<?xml version="1.0" encoding="UTF-8"?>
<!-- Generated by org.testng.reporters.JUnitReportReporter -->
<testsuite skipped="0" hostname="b3e90ecf47b1" name="com.searchmodule.tests.SearchTest" tests="2" failures="0" timestamp="2021-01-21T01:40:30 GMT" time="4.773" errors="0">
  <testcase name="search" time="2.435" classname="com.searchmodule.tests.SearchTest"/>
  <system-out/>
  <testcase name="search" time="2.338" classname="com.searchmodule.tests.SearchTest"/>
  <system-out/>
</testsuite> <!-- com.searchmodule.tests.SearchTest -->
