<?xml version="1.0" encoding="UTF-8"?>
<!-- Generated by org.testng.reporters.JUnitReportReporter -->
<testsuite skipped="0" hostname="f7ceb3d7cfa3" name="com.searchmodule.tests.SearchTest" tests="2" failures="0" timestamp="2021-01-21T03:36:33 GMT" time="4.869" errors="0">
  <testcase name="search" time="2.607" classname="com.searchmodule.tests.SearchTest"/>
  <system-out/>
  <testcase name="search" time="2.262" classname="com.searchmodule.tests.SearchTest"/>
  <system-out/>
</testsuite> <!-- com.searchmodule.tests.SearchTest -->
